2025-11-10 10:54:14 - INFO - === Starting sync for project: Clear Lake Monitoring === 
2025-11-10 10:54:14 - INFO - Pulling latest changes from GitHub... 
2025-11-10 10:54:14 - WARN - Pull failed: Failed to fetch upstream branch: C:\Users\ECI_LLC\Desktop\Live Data\projects\ClearLake\repo/main 
2025-11-10 10:54:14 - INFO - New file to add: Clear_Lake_Cyrus_Brouse.dat 
2025-11-10 10:54:15 - INFO - New file to add: Clear_Lake_Harry_Tetters.dat 
2025-11-10 10:54:15 - INFO - New file to add: Clear_Lake_Outflow.dat 
2025-11-10 10:54:15 - INFO - Updated project metadata 
2025-11-10 10:54:15 - ERROR - Error in commit/push: failed to parse signature - malformed e-mail 
2025-11-10 10:54:15 - WARN - === Sync completed but push failed === 
2025-11-10 15:34:27 - INFO - === Starting sync for project: Clear Lake Monitoring === 
2025-11-10 15:34:27 - INFO - Pulling latest changes from GitHub... 
2025-11-10 15:34:27 - WARN - Pull failed: Failed to fetch upstream branch: C:\Users\ECI_LLC\Desktop\Live Data\projects\ClearLake\repo/main 
2025-11-10 15:34:27 - INFO - File updated: Clear_Lake_Cyrus_Brouse.dat 
2025-11-10 15:34:27 - INFO - File updated: Clear_Lake_Harry_Tetters.dat 
2025-11-10 15:34:27 - INFO - File updated: Clear_Lake_Outflow.dat 
2025-11-10 15:34:28 - INFO - Updated project metadata 
2025-11-10 15:34:28 - ERROR - Error in commit/push: failed to parse signature - malformed e-mail 
2025-11-10 15:34:28 - WARN - === Sync completed but push failed === 
2025-11-10 17:07:03 - INFO - === Starting sync for project: Clear Lake Monitoring === 
2025-11-10 17:07:03 - INFO - Pulling latest changes from GitHub... 
2025-11-10 17:07:03 - WARN - Pull failed: Failed to fetch upstream branch: C:\Users\ECI_LLC\Desktop\Live Data\projects\ClearLake\repo/main 
2025-11-10 17:07:03 - INFO - File updated: Clear_Lake_Cyrus_Brouse.dat 
2025-11-10 17:07:03 - ERROR - Error generating stats for cyrus_brouse : argument is of length zero 
2025-11-10 17:07:03 - INFO - File updated: Clear_Lake_Harry_Tetters.dat 
2025-11-10 17:07:03 - ERROR - Error generating stats for harry_tetters : argument is of length zero 
2025-11-10 17:07:03 - INFO - File updated: Clear_Lake_Outflow.dat 
2025-11-10 17:07:04 - ERROR - Error generating stats for outflow : argument is of length zero 
2025-11-10 17:07:04 - INFO - Updated project metadata 
2025-11-10 17:07:04 - ERROR - Error in commit/push: failed to parse signature - malformed e-mail 
2025-11-10 17:07:04 - WARN - === Sync completed but push failed === 
2025-11-10 18:07:03 - INFO - === Starting sync for project: Clear Lake Monitoring === 
2025-11-10 18:07:03 - INFO - Pulling latest changes from GitHub... 
2025-11-10 18:07:03 - WARN - Pull failed: Failed to fetch upstream branch: C:\Users\ECI_LLC\Desktop\Live Data\projects\ClearLake\repo/main 
2025-11-10 18:07:03 - INFO - File updated: Clear_Lake_Cyrus_Brouse.dat 
2025-11-10 18:07:03 - ERROR - Error generating stats for cyrus_brouse : argument is of length zero 
2025-11-10 18:07:03 - INFO - File updated: Clear_Lake_Harry_Tetters.dat 
2025-11-10 18:07:03 - ERROR - Error generating stats for harry_tetters : argument is of length zero 
2025-11-10 18:07:03 - INFO - File updated: Clear_Lake_Outflow.dat 
2025-11-10 18:07:04 - ERROR - Error generating stats for outflow : argument is of length zero 
2025-11-10 18:07:04 - INFO - Updated project metadata 
2025-11-10 18:07:04 - ERROR - Error in commit/push: failed to parse signature - malformed e-mail 
2025-11-10 18:07:04 - WARN - === Sync completed but push failed === 
